Copyright 1986-2017 Xilinx, Inc. All Rights Reserved.
------------------------------------------------------------------------------------
| Tool Version : Vivado v.2017.4 (win64) Build 2086221 Fri Dec 15 20:55:39 MST 2017
| Date         : Sun Dec 22 22:25:09 2024
| Host         : w5712 running 64-bit major release  (build 9200)
| Command      : report_control_sets -verbose -file top_control_sets_placed.rpt
| Design       : top
| Device       : xc7a35t
------------------------------------------------------------------------------------

Control Set Information

Table of Contents
-----------------
1. Summary
2. Flip-Flop Distribution
3. Detailed Control Set Information

1. Summary
----------

+----------------------------------------------------------+-------+
|                          Status                          | Count |
+----------------------------------------------------------+-------+
| Number of unique control sets                            |    39 |
| Unused register locations in slices containing registers |    88 |
+----------------------------------------------------------+-------+


2. Flip-Flop Distribution
-------------------------

+--------------+-----------------------+------------------------+-----------------+--------------+
| Clock Enable | Synchronous Set/Reset | Asynchronous Set/Reset | Total Registers | Total Slices |
+--------------+-----------------------+------------------------+-----------------+--------------+
| No           | No                    | No                     |              81 |           32 |
| No           | No                    | Yes                    |             290 |          115 |
| No           | Yes                   | No                     |              30 |           17 |
| Yes          | No                    | No                     |              28 |           11 |
| Yes          | No                    | Yes                    |             225 |           64 |
| Yes          | Yes                   | No                     |             170 |           77 |
+--------------+-----------------------+------------------------+-----------------+--------------+


3. Detailed Control Set Information
-----------------------------------

+---------------------------------------------------+---------------------------------------------+------------------------------------------------------------+------------------+----------------+
|                    Clock Signal                   |                Enable Signal                |                      Set/Reset Signal                      | Slice Load Count | Bel Load Count |
+---------------------------------------------------+---------------------------------------------+------------------------------------------------------------+------------------+----------------+
|  clk_IBUF_BUFG                                    |                                             | on_off_control/machine_state1_out                          |                1 |              1 |
|  clk_IBUF_BUFG                                    | on_off_control/machine_state_OBUF           | smoker_inst/u_time_display/ClockDivider500Hz/clk_out_reg_0 |                1 |              1 |
|  clk_IBUF_BUFG                                    | on_off_control/over_change_i_1_n_0          | smoker_inst/u_time_display/ClockDivider500Hz/clk_out_reg_0 |                1 |              1 |
|  clk_IBUF_BUFG                                    | u_currentTime/load                          | smoker_inst/u_time_display/ClockDivider500Hz/clk_out_reg_0 |                1 |              4 |
|  clk_IBUF_BUFG                                    | on_off_control/load                         | smoker_inst/u_time_display/ClockDivider500Hz/clk_out_reg_0 |                1 |              4 |
|  clk_IBUF_BUFG                                    | smoker_inst/load                            | smoker_inst/u_time_display/ClockDivider500Hz/clk_out_reg_0 |                1 |              4 |
|  clk_IBUF_BUFG                                    | u_currentTime/hr[4]_i_1_n_0                 | u_currentTime/sec[5]_i_1__0_n_0                            |                4 |              5 |
|  clk_IBUF_BUFG                                    | mode_fsm_inst/led[4]_i_1_n_0                | smoker_inst/u_time_display/ClockDivider500Hz/clk_out_reg_0 |                3 |              5 |
|  clk_IBUF_BUFG                                    | u_currentTime/min[5]_i_1__0_n_0             | u_currentTime/sec[5]_i_1__0_n_0                            |                5 |              6 |
|  clk_IBUF_BUFG                                    | u_currentTime/location                      |                                                            |                3 |              6 |
|  clk_IBUF_BUFG                                    | smoker_inst/cumulative_time_min[5]_i_1_n_0  | smoker_inst/u_time_display/ClockDivider500Hz/clk_out_reg_0 |                3 |              6 |
|  clk_IBUF_BUFG                                    |                                             | on_off_control/gesture[5]_i_1_n_0                          |                2 |              6 |
|  clk_IBUF_BUFG                                    | smoker_inst/countdown_time_sec[5]_i_1_n_0   | smoker_inst/u_time_display/ClockDivider500Hz/clk_out_reg_0 |                2 |              6 |
|  clk_IBUF_BUFG                                    | smoker_inst/countdown_time_min[5]_i_1_n_0   | smoker_inst/u_time_display/ClockDivider500Hz/clk_out_reg_0 |                2 |              6 |
|  clk_IBUF_BUFG                                    | u_currentTime/sec[5]_i_2__0_n_0             | u_currentTime/sec[5]_i_1__0_n_0                            |                5 |              6 |
|  clk_IBUF_BUFG                                    | selfcleaner/sec[5]_i_1__1_n_0               | smoker_inst/u_time_display/ClockDivider500Hz/clk_out_reg_0 |                4 |              6 |
|  clk_IBUF_BUFG                                    | selfcleaner/minute[5]_i_1_n_0               | smoker_inst/u_time_display/ClockDivider500Hz/clk_out_reg_0 |                3 |              6 |
|  clk_IBUF_BUFG                                    | smoker_inst/cumulative_time_sec[5]_i_1_n_0  | smoker_inst/u_time_display/ClockDivider500Hz/clk_out_reg_0 |                2 |              6 |
|  clk_IBUF_BUFG                                    | smoker_inst/cumulative_time_hour[5]_i_1_n_0 | smoker_inst/u_time_display/ClockDivider500Hz/clk_out_reg_0 |                2 |              6 |
|  clk_IBUF_BUFG                                    | smoker_inst/down[5]_i_1_n_0                 | smoker_inst/u_time_display/ClockDivider500Hz/clk_out_reg_0 |                2 |              6 |
|  clk_IBUF_BUFG                                    | smoker_inst/location[5]_i_1_n_0             | smoker_inst/anouncement_sec[5]_i_1_n_0                     |                1 |              6 |
|  on_off_control/timeDisplay/ClockDivider500Hz/CLK |                                             | smoker_inst/u_time_display/ClockDivider500Hz/clk_out_reg_0 |                3 |              8 |
|  u_currentTime/timeDisplay/ClockDivider500Hz/CLK  |                                             | smoker_inst/u_time_display/ClockDivider500Hz/clk_out_reg_0 |                4 |              8 |
|  selfcleaner/timeDisplay/ClockDivider500Hz/CLK    |                                             | smoker_inst/u_time_display/ClockDivider500Hz/clk_out_reg_0 |                2 |              8 |
|  smoker_inst/u_time_display/ClockDivider500Hz/CLK |                                             | smoker_inst/u_time_display/ClockDivider500Hz/clk_out_reg_0 |                2 |              8 |
|  clk_IBUF_BUFG                                    | rst_IBUF                                    | smoker_inst/anouncement_sec[5]_i_1_n_0                     |                9 |             17 |
|  clk_IBUF_BUFG                                    |                                             | on_off_control/SR[0]                                       |               13 |             22 |
|  clk_IBUF_BUFG                                    | smoker_inst/display_data[30]_i_1_n_0        |                                                            |                8 |             22 |
|  clk_IBUF_BUFG                                    | mode_fsm_inst/time_count[31]_i_1_n_0        | smoker_inst/u_time_display/ClockDivider500Hz/clk_out_reg_0 |                7 |             32 |
|  clk_IBUF_BUFG                                    | mode_fsm_inst/c_reg[0][0]                   | smoker_inst/u_time_display/ClockDivider500Hz/clk_out_reg_0 |                7 |             32 |
|  clk_IBUF_BUFG                                    | mode_fsm_inst/E[0]                          | smoker_inst/u_time_display/ClockDivider500Hz/clk_out_reg_0 |               10 |             32 |
|  clk_IBUF_BUFG                                    | smoker_inst/cnt[31]_i_1_n_0                 | smoker_inst/u_time_display/ClockDivider500Hz/clk_out_reg_0 |                7 |             32 |
|  clk_IBUF_BUFG                                    | u_currentTime/counter[0]_i_1__3_n_0         | u_currentTime/sec[5]_i_1__0_n_0                            |                8 |             32 |
|  clk_IBUF_BUFG                                    | on_off_control/counter[31]_i_2_n_0          | on_off_control/machine_state1_out                          |               12 |             32 |
|  clk_IBUF_BUFG                                    | on_off_control/second_counter[31]_i_2_n_0   | on_off_control/second_counter[31]_i_1_n_0                  |               13 |             32 |
|  clk_IBUF_BUFG                                    | on_off_control/gesture_counter[31]_i_2_n_0  | on_off_control/left_ges4_out                               |               18 |             32 |
|  clk_IBUF_BUFG                                    | mode_fsm_inst/second[31]_i_1_n_0            | smoker_inst/u_time_display/ClockDivider500Hz/clk_out_reg_0 |                7 |             32 |
|  clk_IBUF_BUFG                                    |                                             |                                                            |               32 |             81 |
|  clk_IBUF_BUFG                                    |                                             | smoker_inst/u_time_display/ClockDivider500Hz/clk_out_reg_0 |              105 |            259 |
+---------------------------------------------------+---------------------------------------------+------------------------------------------------------------+------------------+----------------+


+--------+-----------------------+
| Fanout | Number of ControlSets |
+--------+-----------------------+
| 1      |                     3 |
| 4      |                     3 |
| 5      |                     2 |
| 6      |                    13 |
| 8      |                     4 |
| 16+    |                    14 |
+--------+-----------------------+


